<?xml version="1.0" encoding="UTF-8"?>
<coverage generated="1651762544187" clover="3.2.0">
  <project timestamp="1651762544187" name="All files">
    <metrics statements="19" coveredstatements="19" conditionals="8" coveredconditionals="8" methods="2" coveredmethods="2" elements="29" coveredelements="29" complexity="0" loc="19" ncloc="19" packages="1" files="1" classes="1"/>
    <file name="segundero.js" path="/Users/gonzalorodriguezmunoz/Documents/GitHub/SM-tests/Ejercicio1/segundero.js">
      <metrics statements="19" coveredstatements="19" conditionals="8" coveredconditionals="8" methods="2" coveredmethods="2"/>
      <line num="1" count="19" type="cond" truecount="1" falsecount="0"/>
      <line num="2" count="19" type="cond" truecount="1" falsecount="0"/>
      <line num="3" count="19" type="stmt"/>
      <line num="4" count="1" type="stmt"/>
      <line num="5" count="4" type="cond" truecount="1" falsecount="0"/>
      <line num="6" count="4" type="cond" truecount="2" falsecount="0"/>
      <line num="7" count="4" type="stmt"/>
      <line num="8" count="4" type="stmt"/>
      <line num="9" count="4" type="cond" truecount="1" falsecount="0"/>
      <line num="10" count="19" type="stmt"/>
      <line num="11" count="19" type="cond" truecount="1" falsecount="0"/>
      <line num="12" count="18" type="stmt"/>
      <line num="13" count="18" type="stmt"/>
      <line num="14" count="3" type="cond" truecount="1" falsecount="0"/>
      <line num="15" count="3" type="stmt"/>
      <line num="16" count="1" type="stmt"/>
      <line num="17" count="1" type="stmt"/>
      <line num="18" count="1" type="stmt"/>
      <line num="19" count="1" type="stmt"/>
    </file>
  </project>
</coverage>
