{"/Users/gonzalorodriguezmunoz/Documents/GitHub/SM-tests/Ejercicio1/segundero.js": {"path":"/Users/gonzalorodriguezmunoz/Documents/GitHub/SM-tests/Ejercicio1/segundero.js","all":false,"statementMap":{"0":{"start":{"line":1,"column":0},"end":{"line":1,"column":26}},"1":{"start":{"line":2,"column":0},"end":{"line":2,"column":47}},"2":{"start":{"line":3,"column":0},"end":{"line":3,"column":1}},"3":{"start":{"line":4,"column":0},"end":{"line":4,"column":0}},"4":{"start":{"line":5,"column":0},"end":{"line":5,"column":42}},"5":{"start":{"line":6,"column":0},"end":{"line":6,"column":30}},"6":{"start":{"line":7,"column":0},"end":{"line":7,"column":18}},"7":{"start":{"line":8,"column":0},"end":{"line":8,"column":0}},"8":{"start":{"line":9,"column":0},"end":{"line":9,"column":33}},"9":{"start":{"line":10,"column":0},"end":{"line":10,"column":19}},"10":{"start":{"line":11,"column":0},"end":{"line":11,"column":22}},"11":{"start":{"line":12,"column":0},"end":{"line":12,"column":19}},"12":{"start":{"line":13,"column":0},"end":{"line":13,"column":3}},"13":{"start":{"line":14,"column":0},"end":{"line":14,"column":16}},"14":{"start":{"line":15,"column":0},"end":{"line":15,"column":1}},"15":{"start":{"line":16,"column":0},"end":{"line":16,"column":0}},"16":{"start":{"line":17,"column":0},"end":{"line":17,"column":20}},"17":{"start":{"line":18,"column":0},"end":{"line":18,"column":0}},"18":{"start":{"line":19,"column":0},"end":{"line":19,"column":34}}},"s":{"0":19,"1":19,"2":19,"3":1,"4":4,"5":4,"6":4,"7":4,"8":4,"9":19,"10":19,"11":18,"12":18,"13":3,"14":3,"15":1,"16":1,"17":1,"18":1},"branchMap":{"0":{"type":"branch","line":1,"loc":{"start":{"line":1,"column":0},"end":{"line":3,"column":1}},"locations":[{"start":{"line":1,"column":0},"end":{"line":3,"column":1}}]},"1":{"type":"branch","line":2,"loc":{"start":{"line":2,"column":22},"end":{"line":2,"column":39}},"locations":[{"start":{"line":2,"column":22},"end":{"line":2,"column":39}}]},"2":{"type":"branch","line":5,"loc":{"start":{"line":5,"column":0},"end":{"line":15,"column":1}},"locations":[{"start":{"line":5,"column":0},"end":{"line":15,"column":1}}]},"3":{"type":"branch","line":6,"loc":{"start":{"line":6,"column":17},"end":{"line":6,"column":25}},"locations":[{"start":{"line":6,"column":17},"end":{"line":6,"column":25}}]},"4":{"type":"branch","line":6,"loc":{"start":{"line":6,"column":17},"end":{"line":6,"column":30}},"locations":[{"start":{"line":6,"column":17},"end":{"line":6,"column":30}}]},"5":{"type":"branch","line":9,"loc":{"start":{"line":9,"column":32},"end":{"line":13,"column":3}},"locations":[{"start":{"line":9,"column":32},"end":{"line":13,"column":3}}]},"6":{"type":"branch","line":11,"loc":{"start":{"line":11,"column":4},"end":{"line":13,"column":3}},"locations":[{"start":{"line":11,"column":4},"end":{"line":13,"column":3}}]},"7":{"type":"branch","line":14,"loc":{"start":{"line":14,"column":-1},"end":{"line":15,"column":1}},"locations":[{"start":{"line":14,"column":-1},"end":{"line":15,"column":1}}]}},"b":{"0":[19],"1":[19],"2":[4],"3":[3],"4":[1],"5":[19],"6":[18],"7":[3]},"fnMap":{"0":{"name":"delay","decl":{"start":{"line":1,"column":0},"end":{"line":3,"column":1}},"loc":{"start":{"line":1,"column":0},"end":{"line":3,"column":1}},"line":1},"1":{"name":"printTimeCounter","decl":{"start":{"line":5,"column":0},"end":{"line":15,"column":1}},"loc":{"start":{"line":5,"column":0},"end":{"line":15,"column":1}},"line":5}},"f":{"0":19,"1":4}}
}
